<?xml version="1.0" encoding="UTF-8"?>
<testsuite name="com.musinsa.MusinsaApplicationTests" tests="1" skipped="0" failures="0" errors="0" timestamp="2025-07-01T04:30:51.413Z" hostname="SYC" time="0.168">
  <properties/>
  <testcase name="contextLoads()" classname="com.musinsa.MusinsaApplicationTests" time="0.168"/>
  <system-out><![CDATA[13:30:46.363 [Test worker] DEBUG org.springframework.test.context.BootstrapUtils - Instantiating CacheAwareContextLoaderDelegate from class [org.springframework.test.context.cache.DefaultCacheAwareContextLoaderDelegate]
13:30:46.376 [Test worker] DEBUG org.springframework.test.context.BootstrapUtils - Instantiating BootstrapContext using constructor [public org.springframework.test.context.support.DefaultBootstrapContext(java.lang.Class,org.springframework.test.context.CacheAwareContextLoaderDelegate)]
13:30:46.414 [Test worker] DEBUG org.springframework.test.context.BootstrapUtils - Instantiating TestContextBootstrapper for test class [com.musinsa.MusinsaApplicationTests] from class [org.springframework.boot.test.context.SpringBootTestContextBootstrapper]
13:30:46.428 [Test worker] INFO org.springframework.boot.test.context.SpringBootTestContextBootstrapper - Neither @ContextConfiguration nor @ContextHierarchy found for test class [com.musinsa.MusinsaApplicationTests], using SpringBootContextLoader
13:30:46.431 [Test worker] DEBUG org.springframework.test.context.support.AbstractContextLoader - Did not detect default resource location for test class [com.musinsa.MusinsaApplicationTests]: class path resource [com/musinsa/MusinsaApplicationTests-context.xml] does not exist
13:30:46.432 [Test worker] DEBUG org.springframework.test.context.support.AbstractContextLoader - Did not detect default resource location for test class [com.musinsa.MusinsaApplicationTests]: class path resource [com/musinsa/MusinsaApplicationTestsContext.groovy] does not exist
13:30:46.432 [Test worker] INFO org.springframework.test.context.support.AbstractContextLoader - Could not detect default resource locations for test class [com.musinsa.MusinsaApplicationTests]: no resource found for suffixes {-context.xml, Context.groovy}.
13:30:46.433 [Test worker] INFO org.springframework.test.context.support.AnnotationConfigContextLoaderUtils - Could not detect default configuration classes for test class [com.musinsa.MusinsaApplicationTests]: MusinsaApplicationTests does not declare any static, non-private, non-final, nested classes annotated with @Configuration.
13:30:46.475 [Test worker] DEBUG org.springframework.test.context.support.ActiveProfilesUtils - Could not find an 'annotation declaring class' for annotation type [org.springframework.test.context.ActiveProfiles] and class [com.musinsa.MusinsaApplicationTests]
13:30:46.533 [Test worker] DEBUG org.springframework.context.annotation.ClassPathScanningCandidateComponentProvider - Identified candidate component class: file [C:\Users\proze\Documents\GitHub\mss-test\build\classes\java\main\com\musinsa\MusinsaApplication.class]
13:30:46.535 [Test worker] INFO org.springframework.boot.test.context.SpringBootTestContextBootstrapper - Found @SpringBootConfiguration com.musinsa.MusinsaApplication for test class com.musinsa.MusinsaApplicationTests
13:30:46.645 [Test worker] DEBUG org.springframework.boot.test.context.SpringBootTestContextBootstrapper - @TestExecutionListeners is not present for class [com.musinsa.MusinsaApplicationTests]: using defaults.
13:30:46.646 [Test worker] INFO org.springframework.boot.test.context.SpringBootTestContextBootstrapper - Loaded default TestExecutionListener class names from location [META-INF/spring.factories]: [org.springframework.boot.test.autoconfigure.restdocs.RestDocsTestExecutionListener, org.springframework.boot.test.autoconfigure.web.client.MockRestServiceServerResetTestExecutionListener, org.springframework.boot.test.autoconfigure.web.servlet.MockMvcPrintOnlyOnFailureTestExecutionListener, org.springframework.boot.test.autoconfigure.web.servlet.WebDriverTestExecutionListener, org.springframework.boot.test.autoconfigure.webservices.client.MockWebServiceServerTestExecutionListener, org.springframework.boot.test.mock.mockito.MockitoTestExecutionListener, org.springframework.boot.test.mock.mockito.ResetMocksTestExecutionListener, org.springframework.test.context.web.ServletTestExecutionListener, org.springframework.test.context.support.DirtiesContextBeforeModesTestExecutionListener, org.springframework.test.context.event.ApplicationEventsTestExecutionListener, org.springframework.test.context.support.DependencyInjectionTestExecutionListener, org.springframework.test.context.support.DirtiesContextTestExecutionListener, org.springframework.test.context.transaction.TransactionalTestExecutionListener, org.springframework.test.context.jdbc.SqlScriptsTestExecutionListener, org.springframework.test.context.event.EventPublishingTestExecutionListener]
13:30:46.665 [Test worker] INFO org.springframework.boot.test.context.SpringBootTestContextBootstrapper - Using TestExecutionListeners: [org.springframework.test.context.web.ServletTestExecutionListener@e362c57, org.springframework.test.context.support.DirtiesContextBeforeModesTestExecutionListener@1c4ee95c, org.springframework.test.context.event.ApplicationEventsTestExecutionListener@79c4715d, org.springframework.boot.test.mock.mockito.MockitoTestExecutionListener@5aa360ea, org.springframework.boot.test.autoconfigure.SpringBootDependencyInjectionTestExecutionListener@6548bb7d, org.springframework.test.context.support.DirtiesContextTestExecutionListener@e27ba81, org.springframework.test.context.transaction.TransactionalTestExecutionListener@54336c81, org.springframework.test.context.jdbc.SqlScriptsTestExecutionListener@1556f2dd, org.springframework.test.context.event.EventPublishingTestExecutionListener@35e52059, org.springframework.boot.test.autoconfigure.restdocs.RestDocsTestExecutionListener@62577d6, org.springframework.boot.test.autoconfigure.web.client.MockRestServiceServerResetTestExecutionListener@49bd54f7, org.springframework.boot.test.autoconfigure.web.servlet.MockMvcPrintOnlyOnFailureTestExecutionListener@6b5f8707, org.springframework.boot.test.autoconfigure.web.servlet.WebDriverTestExecutionListener@772485dd, org.springframework.boot.test.autoconfigure.webservices.client.MockWebServiceServerTestExecutionListener@5a12c728, org.springframework.boot.test.mock.mockito.ResetMocksTestExecutionListener@79ab3a71]
13:30:46.669 [Test worker] DEBUG org.springframework.test.context.support.AbstractDirtiesContextTestExecutionListener - Before test class: context [DefaultTestContext@c0b41d6 testClass = MusinsaApplicationTests, testInstance = [null], testMethod = [null], testException = [null], mergedContextConfiguration = [WebMergedContextConfiguration@4837595f testClass = MusinsaApplicationTests, locations = '{}', classes = '{class com.musinsa.MusinsaApplication}', contextInitializerClasses = '[]', activeProfiles = '{}', propertySourceLocations = '{}', propertySourceProperties = '{org.springframework.boot.test.context.SpringBootTestContextBootstrapper=true}', contextCustomizers = set[org.springframework.boot.test.autoconfigure.actuate.metrics.MetricsExportContextCustomizerFactory$DisableMetricExportContextCustomizer@37bd68c3, org.springframework.boot.test.autoconfigure.properties.PropertyMappingContextCustomizer@0, org.springframework.boot.test.autoconfigure.web.servlet.WebDriverContextCustomizerFactory$Customizer@3c435123, org.springframework.boot.test.context.filter.ExcludeFilterContextCustomizer@78a287ed, org.springframework.boot.test.json.DuplicateJsonObjectContextCustomizerFactory$DuplicateJsonObjectContextCustomizer@485a3466, org.springframework.boot.test.mock.mockito.MockitoContextCustomizer@0, org.springframework.boot.test.web.client.TestRestTemplateContextCustomizer@47404bea, org.springframework.boot.test.context.SpringBootTestArgs@1, org.springframework.boot.test.context.SpringBootTestWebEnvironment@1187c9e8], resourceBasePath = 'src/main/webapp', contextLoader = 'org.springframework.boot.test.context.SpringBootContextLoader', parent = [null]], attributes = map['org.springframework.test.context.web.ServletTestExecutionListener.activateListener' -> true]], class annotated with @DirtiesContext [false] with mode [null].

  .   ____          _            __ _ _
 /\\ / ___'_ __ _ _(_)_ __  __ _ \ \ \ \
( ( )\___ | '_ | '_| | '_ \/ _` | \ \ \ \
 \\/  ___)| |_)| | | | | || (_| |  ) ) ) )
  '  |____| .__|_| |_|_| |_\__, | / / / /
 =========|_|==============|___/=/_/_/_/
 :: Spring Boot ::               (v2.7.18)

2025-07-01 13:30:47.046  INFO 18024 --- [    Test worker] com.musinsa.MusinsaApplicationTests      : Starting MusinsaApplicationTests using Java 11.0.27 on SYC with PID 18024 (started by proze in C:\Users\proze\Documents\GitHub\mss-test)
2025-07-01 13:30:47.047  INFO 18024 --- [    Test worker] com.musinsa.MusinsaApplicationTests      : No active profile set, falling back to 1 default profile: "default"
2025-07-01 13:30:47.635  INFO 18024 --- [    Test worker] .s.d.r.c.RepositoryConfigurationDelegate : Bootstrapping Spring Data JPA repositories in DEFAULT mode.
2025-07-01 13:30:47.688  INFO 18024 --- [    Test worker] .s.d.r.c.RepositoryConfigurationDelegate : Finished Spring Data repository scanning in 46 ms. Found 3 JPA repository interfaces.
2025-07-01 13:30:48.264  INFO 18024 --- [    Test worker] o.hibernate.jpa.internal.util.LogHelper  : HHH000204: Processing PersistenceUnitInfo [name: default]
2025-07-01 13:30:48.335  INFO 18024 --- [    Test worker] org.hibernate.Version                    : HHH000412: Hibernate ORM core version 5.6.15.Final
2025-07-01 13:30:48.508  INFO 18024 --- [    Test worker] o.hibernate.annotations.common.Version   : HCANN000001: Hibernate Commons Annotations {5.1.2.Final}
2025-07-01 13:30:48.645  INFO 18024 --- [    Test worker] com.zaxxer.hikari.HikariDataSource       : HikariPool-1 - Starting...
2025-07-01 13:30:48.879  INFO 18024 --- [    Test worker] com.zaxxer.hikari.HikariDataSource       : HikariPool-1 - Start completed.
2025-07-01 13:30:48.916  INFO 18024 --- [    Test worker] org.hibernate.dialect.Dialect            : HHH000400: Using dialect: org.hibernate.dialect.H2Dialect
Hibernate: 
    
    drop table if exists brand CASCADE 
Hibernate: 
    
    drop table if exists category CASCADE 
Hibernate: 
    
    drop table if exists product CASCADE 
Hibernate: 
    
    create table brand (
       id bigint generated by default as identity,
        name varchar(255) not null,
        primary key (id)
    )
Hibernate: 
    
    create table category (
       id bigint generated by default as identity,
        name varchar(255) not null,
        primary key (id)
    )
Hibernate: 
    
    create table product (
       id bigint generated by default as identity,
        price integer not null,
        brand_id bigint not null,
        category_id bigint not null,
        primary key (id)
    )
Hibernate: 
    
    alter table brand 
       add constraint UK_rdxh7tq2xs66r485cc8dkxt77 unique (name)
Hibernate: 
    
    alter table category 
       add constraint UK_46ccwnsi9409t36lurvtyljak unique (name)
Hibernate: 
    
    alter table product 
       add constraint FKs6cydsualtsrprvlf2bb3lcam 
       foreign key (brand_id) 
       references brand
Hibernate: 
    
    alter table product 
       add constraint FK1mtsbur82frn64de7balymq9s 
       foreign key (category_id) 
       references category
2025-07-01 13:30:49.541  INFO 18024 --- [    Test worker] o.h.e.t.j.p.i.JtaPlatformInitiator       : HHH000490: Using JtaPlatform implementation: [org.hibernate.engine.transaction.jta.platform.internal.NoJtaPlatform]
2025-07-01 13:30:49.551  INFO 18024 --- [    Test worker] j.LocalContainerEntityManagerFactoryBean : Initialized JPA EntityManagerFactory for persistence unit 'default'
2025-07-01 13:30:49.843  WARN 18024 --- [    Test worker] JpaBaseConfiguration$JpaWebConfiguration : spring.jpa.open-in-view is enabled by default. Therefore, database queries may be performed during view rendering. Explicitly configure spring.jpa.open-in-view to disable this warning
2025-07-01 13:30:50.270  INFO 18024 --- [    Test worker] o.s.b.a.h2.H2ConsoleAutoConfiguration    : H2 console available at '/h2-console'. Database available at 'jdbc:h2:mem:testdb'
2025-07-01 13:30:51.388  INFO 18024 --- [    Test worker] com.musinsa.MusinsaApplicationTests      : Started MusinsaApplicationTests in 4.686 seconds (JVM running for 5.965)
]]></system-out>
  <system-err><![CDATA[]]></system-err>
</testsuite>
